SF:lib/screens/auth_cubit.dart
DA:7,8
DA:9,3
DA:10,3
DA:13,9
DA:14,3
DA:15,2
DA:18,1
DA:22,4
LF:8
LH:8
end_of_record
SF:lib/screens/message_cubits.dart
DA:7,6
DA:9,3
DA:10,3
DA:13,9
DA:14,6
DA:16,2
DA:24,3
DA:25,3
DA:27,3
DA:28,3
DA:31,9
DA:32,6
DA:34,2
DA:42,3
DA:43,3
DA:45,2
DA:46,2
DA:49,5
DA:50,2
DA:52,2
LF:20
LH:20
end_of_record
SF:lib/main.dart
DA:10,0
DA:11,0
DA:13,0
DA:14,0
DA:25,1
DA:30,1
DA:32,1
DA:34,1
DA:35,1
DA:36,1
DA:37,1
DA:38,1
DA:39,3
DA:40,1
DA:41,1
DA:42,1
DA:56,1
DA:60,1
DA:62,1
DA:64,3
DA:65,3
DA:66,0
DA:70,2
DA:73,1
DA:74,1
DA:75,1
DA:76,1
DA:77,3
DA:79,1
DA:80,2
DA:82,1
DA:83,2
DA:86,1
DA:92,8
DA:94,1
DA:97,2
DA:99,1
DA:100,1
DA:101,1
DA:103,1
DA:104,1
DA:105,1
DA:106,2
LF:43
LH:38
end_of_record
SF:lib/router.dart
DA:9,2
DA:10,1
DA:11,1
DA:13,1
DA:14,1
DA:15,1
DA:17,1
DA:18,3
DA:22,1
DA:27,1
DA:29,1
DA:30,1
DA:34,1
DA:35,2
DA:36,1
DA:37,2
DA:41,2
DA:45,1
DA:46,0
DA:49,2
LF:20
LH:19
end_of_record
SF:lib/screens/detail_screen.dart
DA:11,3
DA:13,2
DA:15,6
DA:16,6
DA:19,2
DA:20,2
DA:21,4
DA:23,2
DA:24,2
DA:25,2
DA:26,2
DA:28,2
DA:29,1
DA:30,3
DA:41,4
DA:43,2
DA:44,2
DA:45,2
DA:46,4
DA:47,6
DA:53,2
DA:56,2
DA:60,2
DA:61,2
DA:63,4
DA:64,2
DA:65,12
DA:67,2
DA:74,4
DA:76,2
DA:77,2
DA:78,2
DA:80,2
DA:82,2
DA:87,2
DA:88,2
DA:91,2
DA:92,6
DA:93,6
LF:39
LH:39
end_of_record
SF:lib/screens/error_screen.dart
DA:4,8
DA:6,1
DA:8,1
DA:9,1
LF:4
LH:4
end_of_record
SF:lib/screens/home_screen.dart
DA:13,8
DA:15,2
DA:17,2
DA:18,2
DA:19,4
DA:28,7
DA:30,2
DA:32,2
DA:33,4
DA:34,4
DA:35,2
DA:36,2
DA:37,2
DA:38,2
DA:41,4
DA:44,1
DA:46,2
DA:47,3
DA:56,7
DA:58,2
DA:60,2
DA:61,4
DA:62,2
DA:63,2
DA:64,0
DA:67,1
DA:69,2
DA:70,4
DA:71,6
DA:72,2
DA:73,4
DA:75,4
DA:76,4
DA:79,3
DA:80,3
DA:81,1
DA:82,1
DA:83,1
DA:87,2
DA:90,0
DA:91,0
DA:94,0
DA:95,1
LF:43
LH:39
end_of_record
SF:lib/screens/login_screen.dart
DA:9,4
DA:17,2
DA:19,2
DA:21,2
DA:22,2
DA:23,2
DA:24,2
DA:25,2
DA:26,2
DA:27,2
DA:29,2
DA:30,2
DA:31,2
DA:34,2
DA:35,2
DA:36,1
DA:37,2
DA:41,2
DA:45,2
DA:46,2
DA:48,2
DA:50,2
DA:51,2
DA:54,2
DA:55,2
DA:57,2
DA:60,6
DA:66,2
DA:68,4
DA:79,2
DA:80,8
DA:81,2
DA:82,4
DA:83,4
DA:92,4
DA:94,2
DA:95,2
DA:97,2
LF:38
LH:38
end_of_record
