SF:lib/router.dart
DA:9,2
DA:10,1
DA:11,1
DA:13,1
DA:14,1
DA:15,1
DA:17,1
DA:18,3
DA:22,1
DA:27,1
DA:29,1
DA:30,1
DA:34,1
DA:35,1
DA:36,2
DA:40,2
LF:16
LH:16
end_of_record
SF:lib/screens/error_screen.dart
DA:4,8
DA:6,1
DA:7,1
DA:8,1
LF:4
LH:4
end_of_record
SF:lib/screens/feedlist_controller.dart
DA:9,4
DA:10,4
DA:13,4
DA:17,6
DA:19,3
DA:20,3
DA:21,3
DA:26,6
DA:28,3
DA:29,3
DA:30,3
DA:35,6
DA:37,2
DA:38,2
DA:39,2
DA:42,3
DA:43,3
DA:46,9
DA:47,6
DA:49,3
DA:53,3
DA:54,3
DA:57,9
DA:58,6
DA:60,2
DA:64,2
DA:65,2
DA:68,5
DA:69,2
DA:71,1
LF:30
LH:30
end_of_record
SF:lib/screens/login_screen.dart
DA:7,4
DA:15,2
DA:17,2
DA:19,2
DA:20,2
DA:21,2
DA:22,2
DA:23,2
DA:24,2
DA:25,2
DA:27,2
DA:28,2
DA:29,2
DA:30,4
DA:31,1
DA:32,2
DA:36,1
DA:39,2
DA:40,2
DA:42,2
DA:44,2
DA:45,2
DA:48,2
DA:49,2
DA:51,2
DA:54,6
DA:60,2
DA:62,4
DA:73,2
DA:74,8
DA:75,2
DA:76,4
DA:77,4
DA:86,4
DA:88,2
DA:89,2
DA:91,2
LF:37
LH:37
end_of_record
SF:lib/screens/home_screen.dart
DA:9,8
DA:11,2
DA:14,6
DA:15,4
DA:18,2
DA:19,2
DA:20,4
DA:29,7
DA:31,2
DA:33,2
DA:34,4
DA:35,4
DA:36,4
DA:37,2
DA:38,2
DA:39,2
DA:40,2
DA:42,1
DA:44,1
DA:45,6
DA:54,7
DA:56,2
DA:58,2
DA:59,4
DA:60,4
DA:61,2
DA:62,2
DA:63,0
DA:66,1
DA:68,2
DA:69,2
DA:70,2
DA:71,4
DA:72,4
DA:74,2
DA:76,3
DA:77,3
DA:78,1
DA:79,1
DA:80,1
DA:84,2
DA:88,0
DA:89,1
LF:43
LH:41
end_of_record
SF:lib/screens/detail_screen.dart
DA:11,3
DA:13,2
DA:16,6
DA:17,2
DA:18,4
DA:21,2
DA:22,2
DA:23,4
DA:25,2
DA:26,4
DA:27,4
DA:28,2
DA:29,2
DA:30,1
DA:31,3
DA:41,4
DA:43,2
DA:44,2
DA:45,2
DA:46,4
DA:47,6
DA:53,2
DA:56,2
DA:60,2
DA:61,2
DA:63,4
DA:64,2
DA:65,12
DA:67,2
DA:74,4
DA:76,2
DA:77,2
DA:78,2
DA:80,2
DA:82,2
DA:87,2
DA:88,2
DA:91,2
DA:92,6
DA:93,6
LF:40
LH:40
end_of_record
SF:lib/main.dart
DA:9,0
DA:10,0
DA:12,0
DA:23,1
DA:24,1
DA:26,1
DA:28,2
DA:30,1
DA:31,1
DA:32,1
DA:33,1
DA:34,1
DA:35,4
DA:38,1
DA:39,2
DA:40,1
DA:41,2
DA:45,1
DA:51,8
DA:53,1
DA:57,2
DA:59,1
DA:60,1
DA:61,1
DA:63,1
DA:64,1
DA:65,1
DA:66,2
LF:28
LH:25
end_of_record
