SF:lib/screens/error_screen.dart
DA:4,8
DA:6,1
DA:8,1
DA:9,1
LF:4
LH:4
end_of_record
SF:lib/screens/feedlist_controller.dart
DA:7,4
DA:11,6
DA:13,3
DA:14,3
DA:15,3
DA:20,6
DA:22,3
DA:23,3
DA:24,3
DA:29,6
DA:31,2
DA:32,2
DA:33,2
DA:36,3
DA:37,3
DA:40,9
DA:41,6
DA:43,3
DA:47,3
DA:48,3
DA:51,9
DA:52,6
DA:54,2
DA:58,2
DA:59,2
DA:62,5
DA:63,2
DA:65,1
LF:28
LH:28
end_of_record
SF:lib/screens/login_screen.dart
DA:9,4
DA:17,2
DA:19,4
DA:21,2
DA:22,2
DA:23,2
DA:24,2
DA:25,2
DA:26,2
DA:27,2
DA:29,2
DA:30,2
DA:31,2
DA:32,4
DA:33,1
DA:34,2
DA:38,1
DA:41,2
DA:42,2
DA:44,2
DA:46,2
DA:47,2
DA:50,2
DA:51,2
DA:53,2
DA:56,6
DA:62,2
DA:64,4
DA:75,2
DA:76,8
DA:77,2
DA:78,4
DA:79,4
DA:88,4
DA:90,2
DA:91,2
DA:93,2
LF:37
LH:37
end_of_record
SF:lib/screens/home_screen.dart
DA:11,8
DA:13,2
DA:16,6
DA:17,8
DA:20,2
DA:21,2
DA:22,6
DA:31,7
DA:33,2
DA:34,2
DA:35,2
DA:36,2
DA:37,8
DA:40,2
DA:41,4
DA:42,2
DA:43,2
DA:44,2
DA:45,2
DA:47,1
DA:49,1
DA:50,6
DA:60,7
DA:62,0
DA:64,2
DA:65,2
DA:66,2
DA:67,2
DA:68,8
DA:71,2
DA:72,2
DA:73,2
DA:74,0
DA:77,1
DA:79,2
DA:80,2
DA:81,2
DA:82,6
DA:83,4
DA:85,2
DA:87,3
DA:88,1
DA:89,3
DA:90,1
DA:91,1
DA:92,1
DA:93,1
DA:98,3
DA:99,1
DA:103,0
DA:104,1
LF:51
LH:48
end_of_record
SF:lib/screens/detail_screen.dart
DA:10,3
DA:12,2
DA:15,6
DA:16,10
DA:19,2
DA:20,2
DA:21,8
DA:23,2
DA:24,2
DA:25,2
DA:26,8
DA:28,2
DA:29,2
DA:31,2
DA:32,1
DA:33,3
DA:44,4
DA:46,2
DA:47,2
DA:48,2
DA:49,4
DA:50,6
DA:56,4
DA:60,2
DA:61,2
DA:63,4
DA:64,2
DA:65,12
DA:67,2
DA:74,4
DA:76,2
DA:77,2
DA:78,2
DA:80,2
DA:82,2
DA:87,2
DA:88,2
DA:91,2
DA:92,6
DA:93,6
LF:40
LH:40
end_of_record
SF:lib/main.dart
DA:6,0
DA:9,8
DA:11,1
DA:13,2
DA:15,1
DA:16,1
DA:17,1
DA:19,1
DA:20,1
DA:21,1
DA:22,2
LF:11
LH:10
end_of_record
SF:lib/providers.dart
DA:11,6
DA:13,14
DA:14,4
DA:15,2
DA:18,4
DA:19,3
DA:21,1
DA:22,1
DA:23,1
DA:25,1
DA:26,1
DA:27,1
DA:29,1
DA:30,3
DA:34,1
DA:39,1
DA:41,1
DA:42,1
DA:46,1
DA:47,1
DA:48,2
DA:52,2
DA:62,10
DA:63,4
DA:64,1
DA:66,1
DA:69,11
DA:70,4
DA:72,2
LF:29
LH:29
end_of_record
