SF:lib/src/model/message.dart
DA:16,1
DA:17,1
DA:29,2
LF:3
LH:3
end_of_record
SF:lib/src/model/message.g.dart
DA:9,2
DA:10,1
DA:11,1
DA:12,1
DA:13,2
DA:14,1
DA:15,3
DA:16,1
DA:19,1
DA:20,1
DA:21,1
DA:22,1
DA:23,1
DA:24,2
DA:25,1
DA:28,2
DA:29,1
DA:30,1
DA:31,1
DA:32,1
DA:35,2
DA:36,1
DA:37,1
DA:38,1
DA:39,1
LF:25
LH:25
end_of_record
SF:lib/src/model/user.dart
DA:15,4
LF:1
LH:1
end_of_record
SF:lib/src/model/user.g.dart
DA:9,4
DA:10,2
DA:11,2
DA:12,2
DA:13,2
DA:16,4
DA:17,2
DA:18,2
DA:19,2
DA:20,2
LF:10
LH:10
end_of_record
SF:lib/src/controllers/auth_controller.dart
DA:9,4
DA:11,2
DA:15,4
DA:17,2
DA:18,2
DA:19,2
DA:22,1
DA:23,4
DA:26,2
DA:27,2
DA:30,6
DA:31,2
DA:32,4
DA:33,4
DA:36,1
DA:40,1
DA:41,1
DA:42,1
LF:18
LH:18
end_of_record
SF:lib/src/services/client.dart
DA:6,1
DA:7,1
DA:11,1
DA:13,2
DA:14,1
DA:15,3
DA:17,2
LF:7
LH:7
end_of_record
SF:lib/src/services/auth_service.dart
DA:10,2
DA:12,2
DA:13,6
DA:14,2
DA:15,4
DA:18,4
DA:19,6
LF:7
LH:7
end_of_record
SF:lib/src/services/feed_service.dart
DA:11,1
DA:13,1
DA:14,6
DA:16,3
DA:17,3
DA:18,1
DA:21,1
DA:22,6
DA:24,3
DA:27,1
DA:28,3
DA:29,3
DA:30,2
DA:33,3
LF:14
LH:14
end_of_record
SF:lib/src/widgets/message_tile.dart
DA:12,2
DA:17,2
DA:19,2
DA:21,2
DA:22,6
DA:24,6
DA:25,6
DA:26,2
LF:8
LH:8
end_of_record
SF:lib/src/widgets/buttons.dart
DA:6,6
DA:8,3
DA:9,3
DA:10,3
LF:4
LH:4
end_of_record
SF:lib/src/widgets/new_messages.dart
DA:7,2
DA:9,1
DA:11,1
DA:13,1
DA:15,1
DA:24,1
DA:25,1
DA:27,3
DA:31,1
DA:33,2
DA:36,6
LF:11
LH:11
end_of_record
SF:lib/src/widgets/appbar.dart
DA:8,4
DA:10,2
DA:11,2
DA:14,2
DA:15,4
DA:19,2
LF:6
LH:6
end_of_record
